{"logTime": "0312/151729", "correlationVector":"ei/m0SLY71AINYG+ES9aQz.1","action":"SyncServerConnectionManagerRequest", "result":"SYNC_SERVER_OK", "context":{"environment":"Prod_francecentral_prod-s01-062-eur-francecentral", "migrationStage":"NotStarted", "server":"akswtt00500006t"}}
{"logTime": "0312/151729", "correlationVector":"ei/m0SLY71AINYG+ES9aQz.2","action":"ProcessGetUpdates", "result":"Done", "context":{"dataType":"Encryption Keys", "deleted":"0", "process_failed_to_decrypt":"0", "process_pending_decryption":"0", "process_success":"1", "total":"1"}}
{"logTime": "0312/151729", "correlationVector":"NMbBsFKSwcV2h4iHN/zFh0","action":"SyncServerConnectionManagerRequest", "result":"SYNC_SERVER_OK", "context":{"environment":"", "migrationStage":"", "server":""}}
{"logTime": "0312/151729", "correlationVector":"NMbBsFKSwcV2h4iHN/zFh0.0","action":"EncryptionKeysFetcher.DownloadKeys:", "result":"Success", "context":Key count: 10, Last key timestamp: 2024-11-07T17:53:40Z}
{"logTime": "0312/151729", "correlationVector":"NMbBsFKSwcV2h4iHN/zFh0.1","action":"EncryptionKeysManager::SetEncryptionKeys:", "result":"Success", "context":Key names[10]:[4c2kVbpI6cbQR9eLXwbScDwo6j9hgkYvIs5A+KCSbWVgDxmWci58PUcWjKuttmtINzgEr51ZZHMcBzLz9itAmg==][hBMtLC6fyBmu1pt0ZTCqVf+pydill8eJx0YaE291mlaSdctbt/zU9BkCyKmYd2hcp8tBE9kdjCclSauTbQNRKA==][oIwoYLkv6PrwKhOw9dO2Zg3zShiPWQUSEUXQHvu35qWZkjDMxfO3HOp0ZLpYTQoVpfjC4hpD2SQ/Z+hVkg2LsQ==][hPfDI3BpfWGaIvIzaLHN95MUSNVPbhgpMN9kDLjPdGaHjsySCHrYVH29Zs6B5NFcd31lqVH0FFDs+S/lIqNH+Q==][p5KoWH30rOJsHxfEI5SmvNPURMeBoP+RbBbo+NttmTcqIUKkynxtMU6jK7b8hVGfAr8/tYJeDbYiI9E9URlFHA==][f1ZdZqAU0Wjxt6Xflwm+XABP2A7g2hxnLRO8wvEGjA93WThw+OcTfxHWzun3y/BFliBOJmIL+YH+3BVXFYtrig==][QkQrvi49u6pEgB+mKdYa/qTE3VlmsAFX4vFZYM4ZVxZr6SBDKrRzcaV8LgwVjd+o7vqvWQzy8W2T53QMs77VYg==][8ECZNXpU69CamTAXqgKjUaornSxOjns5N+Q8ASxltxeBQ5r1jOBY3hUpNaysSjJjBwWBxKF21QLitwpGP7Rqaw==][LaF1Tr3xfevA4Y7r0KenzL5bVcw9OV1nFWILgNjKDdJi7pLKtI243y3OAwoEcyqdBF6raiJbatNBu86zSp3jXg==][85LFdgsyv443T4kw5s/iUiBtkMajsrMMWL4TcRtY7KRHpRSMZiH5TpKwAZLtf/P3MozZuC88xNtyuzXoQtFprg==]}
{"logTime": "0312/151729", "correlationVector":"NMbBsFKSwcV2h4iHN/zFh0.2","action":"EncryptionKeysManager::SetEncryptionKeysWithTimestamps:", "result":"Success", "context":Key timestamps[10]:[2020-06-09T21:31:12Z][2020-12-08T19:02:38Z][2021-06-09T19:05:50Z][2021-12-07T18:43:22Z][2022-06-08T00:04:02Z][2023-03-14T17:45:28Z][2023-09-12T14:32:44Z][2024-03-16T22:16:39Z][2024-05-26T16:38:01Z][2024-11-07T17:53:40Z]}
{"logTime": "0312/151729", "correlationVector":"ei/m0SLY71AINYG+ES9aQz","action":"Initial GetUpdates", "result":"", "context":Reason: NEW_CLIENT. cV=ei/m0SLY71AINYG+ES9aQz}
{"logTime": "0312/151729", "correlationVector":"ei/m0SLY71AINYG+ES9aQz.3","action":"GetUpdates Response", "result":"Success", "context":Received 1 update(s). cV=ei/m0SLY71AINYG+ES9aQz.0;server=akswtt00500006t;cloudType=Consumer;environment=Prod_francecentral_prod-s01-062-eur-francecentral;migrationStage=NotStarted}
{"logTime": "0312/151729", "correlationVector":"9epX0jH5GLBJV9b+U2OFh6","action":"Initial GetUpdates", "result":"", "context":Reason: NEWLY_SUPPORTED_DATATYPE. cV=9epX0jH5GLBJV9b+U2OFh6}
{"logTime": "0312/151731", "correlationVector":"9epX0jH5GLBJV9b+U2OFh6.1","action":"SyncServerConnectionManagerRequest", "result":"SYNC_SERVER_OK", "context":{"environment":"Prod_francecentral_prod-s01-062-eur-francecentral", "migrationStage":"NotStarted", "server":"akswtt00500001i"}}
{"logTime": "0312/151731", "correlationVector":"9epX0jH5GLBJV9b+U2OFh6.2","action":"ProcessGetUpdates", "result":"Done", "context":{"dataType":"Preferences", "deleted":"0", "process_failed_to_decrypt":"0", "process_pending_decryption":"0", "process_success":"111", "total":"111"}}
{"logTime": "0312/151731", "correlationVector":"9epX0jH5GLBJV9b+U2OFh6.3","action":"ProcessGetUpdates", "result":"Done", "context":{"dataType":"Passwords", "deleted":"3", "process_failed_to_decrypt":"0", "process_pending_decryption":"0", "process_success":"118", "total":"118"}}
{"logTime": "0312/151731", "correlationVector":"9epX0jH5GLBJV9b+U2OFh6.4","action":"ProcessGetUpdates", "result":"Done", "context":{"dataType":"Device Info", "deleted":"0", "process_failed_to_decrypt":"0", "process_pending_decryption":"0", "process_success":"21", "total":"21"}}
{"logTime": "0312/151731", "correlationVector":"9epX0jH5GLBJV9b+U2OFh6.5","action":"GetUpdates Response", "result":"Success", "context":Received 250 update(s). cV=9epX0jH5GLBJV9b+U2OFh6.0;server=akswtt00500001i;cloudType=Consumer;environment=Prod_francecentral_prod-s01-062-eur-francecentral;migrationStage=NotStarted Some updates remain.}
{"logTime": "0312/151731", "correlationVector":"RapGnki3aY0j6uTj5mR5P6","action":"Initial GetUpdates", "result":"", "context":Reason: NEWLY_SUPPORTED_DATATYPE. cV=RapGnki3aY0j6uTj5mR5P6}
{"logTime": "0312/151732", "correlationVector":"RapGnki3aY0j6uTj5mR5P6.1","action":"SyncServerConnectionManagerRequest", "result":"SYNC_SERVER_OK", "context":{"environment":"Prod_francecentral_prod-s01-062-eur-francecentral", "migrationStage":"NotStarted", "server":"akswtt00500003i"}}
{"logTime": "0312/151732", "correlationVector":"RapGnki3aY0j6uTj5mR5P6.2","action":"ProcessGetUpdates", "result":"Done", "context":{"dataType":"Passwords", "deleted":"15", "process_failed_to_decrypt":"0", "process_pending_decryption":"0", "process_success":"250", "total":"250"}}
{"logTime": "0312/151732", "correlationVector":"RapGnki3aY0j6uTj5mR5P6.3","action":"GetUpdates Response", "result":"Success", "context":Received 250 update(s). cV=RapGnki3aY0j6uTj5mR5P6.0;server=akswtt00500003i;cloudType=Consumer;environment=Prod_francecentral_prod-s01-062-eur-francecentral;migrationStage=NotStarted Some updates remain.}
{"logTime": "0312/151732", "correlationVector":"WG/nrEGxuTFvlsurxl1PKM","action":"Initial GetUpdates", "result":"", "context":Reason: NEWLY_SUPPORTED_DATATYPE. cV=WG/nrEGxuTFvlsurxl1PKM}
{"logTime": "0312/151732", "correlationVector":"WG/nrEGxuTFvlsurxl1PKM.1","action":"SyncServerConnectionManagerRequest", "result":"SYNC_SERVER_OK", "context":{"environment":"Prod_francecentral_prod-s01-062-eur-francecentral", "migrationStage":"NotStarted", "server":"akswtt00500000c"}}
{"logTime": "0312/151732", "correlationVector":"WG/nrEGxuTFvlsurxl1PKM.2","action":"ProcessGetUpdates", "result":"Done", "context":{"dataType":"Passwords", "deleted":"8", "process_failed_to_decrypt":"0", "process_pending_decryption":"0", "process_success":"250", "total":"250"}}
{"logTime": "0312/151732", "correlationVector":"WG/nrEGxuTFvlsurxl1PKM.3","action":"GetUpdates Response", "result":"Success", "context":Received 250 update(s). cV=WG/nrEGxuTFvlsurxl1PKM.0;server=akswtt00500000c;cloudType=Consumer;environment=Prod_francecentral_prod-s01-062-eur-francecentral;migrationStage=NotStarted Some updates remain.}
{"logTime": "0312/151732", "correlationVector":"mfIAAkM99U9+TdV3FccDfm","action":"Initial GetUpdates", "result":"", "context":Reason: NEWLY_SUPPORTED_DATATYPE. cV=mfIAAkM99U9+TdV3FccDfm}
{"logTime": "0312/151733", "correlationVector":"mfIAAkM99U9+TdV3FccDfm.1","action":"SyncServerConnectionManagerRequest", "result":"SYNC_SERVER_OK", "context":{"environment":"Prod_francecentral_prod-s01-062-eur-francecentral", "migrationStage":"NotStarted", "server":"akswtt00500003b"}}
{"logTime": "0312/151733", "correlationVector":"mfIAAkM99U9+TdV3FccDfm.2","action":"ProcessGetUpdates", "result":"Done", "context":{"dataType":"Preferences", "deleted":"0", "process_failed_to_decrypt":"0", "process_pending_decryption":"0", "process_success":"21", "total":"21"}}
{"logTime": "0312/151733", "correlationVector":"mfIAAkM99U9+TdV3FccDfm.3","action":"ProcessGetUpdates", "result":"Done", "context":{"dataType":"Passwords", "deleted":"4", "process_failed_to_decrypt":"0", "process_pending_decryption":"0", "process_success":"215", "total":"215"}}
{"logTime": "0312/151733", "correlationVector":"mfIAAkM99U9+TdV3FccDfm.4","action":"ProcessGetUpdates", "result":"Done", "context":{"dataType":"Device Info", "deleted":"0", "process_failed_to_decrypt":"0", "process_pending_decryption":"0", "process_success":"2", "total":"2"}}
{"logTime": "0312/151733", "correlationVector":"mfIAAkM99U9+TdV3FccDfm.5","action":"GetUpdates Response", "result":"Success", "context":Received 238 update(s). cV=mfIAAkM99U9+TdV3FccDfm.0;server=akswtt00500003b;cloudType=Consumer;environment=Prod_francecentral_prod-s01-062-eur-francecentral;migrationStage=NotStarted}
{"logTime": "0312/151733", "correlationVector":"P9+dFzdIww8wp0DDUY3iKF","action":"Initial GetUpdates", "result":"", "context":Reason: NEWLY_SUPPORTED_DATATYPE. cV=P9+dFzdIww8wp0DDUY3iKF}
{"logTime": "0312/151734", "correlationVector":"P9+dFzdIww8wp0DDUY3iKF.1","action":"SyncServerConnectionManagerRequest", "result":"SYNC_SERVER_OK", "context":{"environment":"Prod_francecentral_prod-s01-062-eur-francecentral", "migrationStage":"NotStarted", "server":"akswtt00500001e"}}
{"logTime": "0312/151734", "correlationVector":"P9+dFzdIww8wp0DDUY3iKF.2","action":"ProcessGetUpdates", "result":"Done", "context":{"dataType":"Bookmarks", "deleted":"1", "process_failed_to_decrypt":"0", "process_pending_decryption":"0", "process_success":"136", "total":"136"}}
{"logTime": "0312/151734", "correlationVector":"P9+dFzdIww8wp0DDUY3iKF.3","action":"GetUpdates Response", "result":"Success", "context":Received 136 update(s). cV=P9+dFzdIww8wp0DDUY3iKF.0;server=akswtt00500001e;cloudType=Consumer;environment=Prod_francecentral_prod-s01-062-eur-francecentral;migrationStage=NotStarted}
{"logTime": "0312/151734", "correlationVector":"DcQNALsJ947M0TlLBLmujn","action":"Initial GetUpdates", "result":"", "context":Reason: NEWLY_SUPPORTED_DATATYPE. cV=DcQNALsJ947M0TlLBLmujn}
{"logTime": "0312/151735", "correlationVector":"DcQNALsJ947M0TlLBLmujn.1","action":"SyncServerConnectionManagerRequest", "result":"SYNC_SERVER_OK", "context":{"environment":"Prod_francecentral_prod-s01-062-eur-francecentral", "migrationStage":"NotStarted", "server":"akswtt00500005c"}}
{"logTime": "0312/151735", "correlationVector":"DcQNALsJ947M0TlLBLmujn.2","action":"ProcessGetUpdates", "result":"Done", "context":{"dataType":"Autofill Profiles", "deleted":"0", "process_failed_to_decrypt":"0", "process_pending_decryption":"0", "process_success":"9", "total":"9"}}
{"logTime": "0312/151735", "correlationVector":"DcQNALsJ947M0TlLBLmujn.3","action":"ProcessGetUpdates", "result":"Done", "context":{"dataType":"Autofill", "deleted":"0", "process_failed_to_decrypt":"0", "process_pending_decryption":"0", "process_success":"223", "total":"223"}}
{"logTime": "0312/151735", "correlationVector":"DcQNALsJ947M0TlLBLmujn.4","action":"ProcessGetUpdates", "result":"Done", "context":{"dataType":"Extensions", "deleted":"0", "process_failed_to_decrypt":"0", "process_pending_decryption":"0", "process_success":"2", "total":"2"}}
{"logTime": "0312/151735", "correlationVector":"DcQNALsJ947M0TlLBLmujn.5","action":"ProcessGetUpdates", "result":"Done", "context":{"dataType":"Extension settings", "deleted":"0", "process_failed_to_decrypt":"0", "process_pending_decryption":"0", "process_success":"9", "total":"9"}}
{"logTime": "0312/151735", "correlationVector":"DcQNALsJ947M0TlLBLmujn.6","action":"ProcessGetUpdates", "result":"Done", "context":{"dataType":"Collection", "deleted":"0", "process_failed_to_decrypt":"0", "process_pending_decryption":"0", "process_success":"7", "total":"7"}}
{"logTime": "0312/151735", "correlationVector":"DcQNALsJ947M0TlLBLmujn.7","action":"GetUpdates Response", "result":"Success", "context":Received 250 update(s). cV=DcQNALsJ947M0TlLBLmujn.0;server=akswtt00500005c;cloudType=Consumer;environment=Prod_francecentral_prod-s01-062-eur-francecentral;migrationStage=NotStarted Some updates remain.}
{"logTime": "0312/151735", "correlationVector":"/ANo75qAQ0FfPSO8sKUgKJ","action":"Initial GetUpdates", "result":"", "context":Reason: NEWLY_SUPPORTED_DATATYPE. cV=/ANo75qAQ0FfPSO8sKUgKJ}
{"logTime": "0312/151736", "correlationVector":"/ANo75qAQ0FfPSO8sKUgKJ.1","action":"SyncServerConnectionManagerRequest", "result":"SYNC_SERVER_OK", "context":{"environment":"Prod_francecentral_prod-s01-062-eur-francecentral", "migrationStage":"NotStarted", "server":"akswtt00500004g"}}
{"logTime": "0312/151736", "correlationVector":"/ANo75qAQ0FfPSO8sKUgKJ.2","action":"ProcessGetUpdates", "result":"Done", "context":{"dataType":"Autofill Profiles", "deleted":"2", "process_failed_to_decrypt":"0", "process_pending_decryption":"0", "process_success":"10", "total":"10"}}
{"logTime": "0312/151736", "correlationVector":"/ANo75qAQ0FfPSO8sKUgKJ.3","action":"ProcessGetUpdates", "result":"Done", "context":{"dataType":"Autofill", "deleted":"0", "process_failed_to_decrypt":"0", "process_pending_decryption":"0", "process_success":"37", "total":"37"}}
{"logTime": "0312/151736", "correlationVector":"/ANo75qAQ0FfPSO8sKUgKJ.4","action":"ProcessGetUpdates", "result":"Done", "context":{"dataType":"Extensions", "deleted":"1", "process_failed_to_decrypt":"0", "process_pending_decryption":"0", "process_success":"3", "total":"3"}}
{"logTime": "0312/151736", "correlationVector":"/ANo75qAQ0FfPSO8sKUgKJ.5","action":"ProcessGetUpdates", "result":"Done", "context":{"dataType":"Sessions", "deleted":"187", "process_failed_to_decrypt":"0", "process_pending_decryption":"0", "process_success":"187", "total":"187"}}
{"logTime": "0312/151736", "correlationVector":"/ANo75qAQ0FfPSO8sKUgKJ.6","action":"ProcessGetUpdates", "result":"Done", "context":{"dataType":"Web Apps", "deleted":"0", "process_failed_to_decrypt":"0", "process_pending_decryption":"0", "process_success":"3", "total":"3"}}
{"logTime": "0312/151736", "correlationVector":"/ANo75qAQ0FfPSO8sKUgKJ.7","action":"ProcessGetUpdates", "result":"Done", "context":{"dataType":"Edge Hub App Usage", "deleted":"0", "process_failed_to_decrypt":"0", "process_pending_decryption":"0", "process_success":"10", "total":"10"}}
{"logTime": "0312/151736", "correlationVector":"/ANo75qAQ0FfPSO8sKUgKJ.8","action":"GetUpdates Response", "result":"Success", "context":Received 250 update(s). cV=/ANo75qAQ0FfPSO8sKUgKJ.0;server=akswtt00500004g;cloudType=Consumer;environment=Prod_francecentral_prod-s01-062-eur-francecentral;migrationStage=NotStarted Some updates remain.}
{"logTime": "0312/151736", "correlationVector":"gYHcTPDY6EHC8IU7cfpZCa","action":"Initial GetUpdates", "result":"", "context":Reason: NEWLY_SUPPORTED_DATATYPE. cV=gYHcTPDY6EHC8IU7cfpZCa}
{"logTime": "0312/151737", "correlationVector":"gYHcTPDY6EHC8IU7cfpZCa.1","action":"SyncServerConnectionManagerRequest", "result":"SYNC_SERVER_OK", "context":{"environment":"Prod_francecentral_prod-s01-062-eur-francecentral", "migrationStage":"NotStarted", "server":"akswtt00500003b"}}
{"logTime": "0312/151737", "correlationVector":"gYHcTPDY6EHC8IU7cfpZCa.2","action":"ProcessGetUpdates", "result":"Done", "context":{"dataType":"Autofill", "deleted":"0", "process_failed_to_decrypt":"0", "process_pending_decryption":"0", "process_success":"17", "total":"17"}}
{"logTime": "0312/151737", "correlationVector":"gYHcTPDY6EHC8IU7cfpZCa.3","action":"ProcessGetUpdates", "result":"Done", "context":{"dataType":"Sessions", "deleted":"231", "process_failed_to_decrypt":"0", "process_pending_decryption":"0", "process_success":"231", "total":"231"}}
{"logTime": "0312/151737", "correlationVector":"gYHcTPDY6EHC8IU7cfpZCa.4","action":"ProcessGetUpdates", "result":"Done", "context":{"dataType":"Extension settings", "deleted":"1", "process_failed_to_decrypt":"0", "process_pending_decryption":"0", "process_success":"2", "total":"2"}}
{"logTime": "0312/151737", "correlationVector":"gYHcTPDY6EHC8IU7cfpZCa.5","action":"GetUpdates Response", "result":"Success", "context":Received 250 update(s). cV=gYHcTPDY6EHC8IU7cfpZCa.0;server=akswtt00500003b;cloudType=Consumer;environment=Prod_francecentral_prod-s01-062-eur-francecentral;migrationStage=NotStarted Some updates remain.}
{"logTime": "0312/151737", "correlationVector":"yiRZbbzS+/hySw0MAIY1YQ","action":"Initial GetUpdates", "result":"", "context":Reason: NEWLY_SUPPORTED_DATATYPE. cV=yiRZbbzS+/hySw0MAIY1YQ}
{"logTime": "0312/151737", "correlationVector":"yiRZbbzS+/hySw0MAIY1YQ.1","action":"SyncServerConnectionManagerRequest", "result":"SYNC_SERVER_OK", "context":{"environment":"Prod_francecentral_prod-s01-062-eur-francecentral", "migrationStage":"NotStarted", "server":"akswtt00500001f"}}
{"logTime": "0312/151737", "correlationVector":"yiRZbbzS+/hySw0MAIY1YQ.2","action":"ProcessGetUpdates", "result":"Done", "context":{"dataType":"Autofill Profiles", "deleted":"0", "process_failed_to_decrypt":"0", "process_pending_decryption":"0", "process_success":"1", "total":"1"}}
{"logTime": "0312/151737", "correlationVector":"yiRZbbzS+/hySw0MAIY1YQ.3","action":"ProcessGetUpdates", "result":"Done", "context":{"dataType":"Autofill", "deleted":"0", "process_failed_to_decrypt":"0", "process_pending_decryption":"0", "process_success":"13", "total":"13"}}
{"logTime": "0312/151737", "correlationVector":"yiRZbbzS+/hySw0MAIY1YQ.4","action":"ProcessGetUpdates", "result":"Done", "context":{"dataType":"Sessions", "deleted":"236", "process_failed_to_decrypt":"0", "process_pending_decryption":"0", "process_success":"236", "total":"236"}}
{"logTime": "0312/151737", "correlationVector":"yiRZbbzS+/hySw0MAIY1YQ.5","action":"GetUpdates Response", "result":"Success", "context":Received 250 update(s). cV=yiRZbbzS+/hySw0MAIY1YQ.0;server=akswtt00500001f;cloudType=Consumer;environment=Prod_francecentral_prod-s01-062-eur-francecentral;migrationStage=NotStarted Some updates remain.}
{"logTime": "0312/151737", "correlationVector":"I5jk21hcphLP2tC5GPBwsW","action":"Initial GetUpdates", "result":"", "context":Reason: NEWLY_SUPPORTED_DATATYPE. cV=I5jk21hcphLP2tC5GPBwsW}
{"logTime": "0312/151738", "correlationVector":"I5jk21hcphLP2tC5GPBwsW.1","action":"SyncServerConnectionManagerRequest", "result":"SYNC_SERVER_OK", "context":{"environment":"Prod_francecentral_prod-s01-062-eur-francecentral", "migrationStage":"NotStarted", "server":"akswtt00500002y"}}
{"logTime": "0312/151738", "correlationVector":"I5jk21hcphLP2tC5GPBwsW.2","action":"ProcessGetUpdates", "result":"Done", "context":{"dataType":"Autofill Profiles", "deleted":"1", "process_failed_to_decrypt":"0", "process_pending_decryption":"0", "process_success":"2", "total":"2"}}
{"logTime": "0312/151738", "correlationVector":"I5jk21hcphLP2tC5GPBwsW.3","action":"ProcessGetUpdates", "result":"Done", "context":{"dataType":"Autofill", "deleted":"0", "process_failed_to_decrypt":"0", "process_pending_decryption":"0", "process_success":"24", "total":"24"}}
{"logTime": "0312/151738", "correlationVector":"I5jk21hcphLP2tC5GPBwsW.4","action":"ProcessGetUpdates", "result":"Done", "context":{"dataType":"Sessions", "deleted":"217", "process_failed_to_decrypt":"0", "process_pending_decryption":"0", "process_success":"217", "total":"217"}}
{"logTime": "0312/151738", "correlationVector":"I5jk21hcphLP2tC5GPBwsW.5","action":"ProcessGetUpdates", "result":"Done", "context":{"dataType":"Edge Hub App Usage", "deleted":"7", "process_failed_to_decrypt":"0", "process_pending_decryption":"0", "process_success":"7", "total":"7"}}
{"logTime": "0312/151738", "correlationVector":"I5jk21hcphLP2tC5GPBwsW.6","action":"GetUpdates Response", "result":"Success", "context":Received 250 update(s). cV=I5jk21hcphLP2tC5GPBwsW.0;server=akswtt00500002y;cloudType=Consumer;environment=Prod_francecentral_prod-s01-062-eur-francecentral;migrationStage=NotStarted Some updates remain.}
{"logTime": "0312/151738", "correlationVector":"7TNbovKdtCiIL8j7d4V9Xb","action":"Initial GetUpdates", "result":"", "context":Reason: NEWLY_SUPPORTED_DATATYPE. cV=7TNbovKdtCiIL8j7d4V9Xb}
{"logTime": "0312/151739", "correlationVector":"7TNbovKdtCiIL8j7d4V9Xb.1","action":"SyncServerConnectionManagerRequest", "result":"SYNC_SERVER_OK", "context":{"environment":"Prod_francecentral_prod-s01-062-eur-francecentral", "migrationStage":"NotStarted", "server":"akswtt005000046"}}
{"logTime": "0312/151739", "correlationVector":"7TNbovKdtCiIL8j7d4V9Xb.2","action":"ProcessGetUpdates", "result":"Done", "context":{"dataType":"Autofill Profiles", "deleted":"0", "process_failed_to_decrypt":"0", "process_pending_decryption":"0", "process_success":"1", "total":"1"}}
{"logTime": "0312/151739", "correlationVector":"7TNbovKdtCiIL8j7d4V9Xb.3","action":"ProcessGetUpdates", "result":"Done", "context":{"dataType":"Autofill", "deleted":"0", "process_failed_to_decrypt":"0", "process_pending_decryption":"0", "process_success":"22", "total":"22"}}
{"logTime": "0312/151739", "correlationVector":"7TNbovKdtCiIL8j7d4V9Xb.4","action":"ProcessGetUpdates", "result":"Done", "context":{"dataType":"Sessions", "deleted":"226", "process_failed_to_decrypt":"0", "process_pending_decryption":"0", "process_success":"226", "total":"226"}}
{"logTime": "0312/151739", "correlationVector":"7TNbovKdtCiIL8j7d4V9Xb.5","action":"ProcessGetUpdates", "result":"Done", "context":{"dataType":"Edge Tab Group", "deleted":"1", "process_failed_to_decrypt":"0", "process_pending_decryption":"0", "process_success":"1", "total":"1"}}
{"logTime": "0312/151739", "correlationVector":"7TNbovKdtCiIL8j7d4V9Xb.6","action":"GetUpdates Response", "result":"Success", "context":Received 250 update(s). cV=7TNbovKdtCiIL8j7d4V9Xb.0;server=akswtt005000046;cloudType=Consumer;environment=Prod_francecentral_prod-s01-062-eur-francecentral;migrationStage=NotStarted Some updates remain.}
{"logTime": "0312/151739", "correlationVector":"+ThRpwjNXbe8O35+brkRaX","action":"Initial GetUpdates", "result":"", "context":Reason: NEWLY_SUPPORTED_DATATYPE. cV=+ThRpwjNXbe8O35+brkRaX}
{"logTime": "0312/151740", "correlationVector":"+ThRpwjNXbe8O35+brkRaX.1","action":"SyncServerConnectionManagerRequest", "result":"SYNC_SERVER_OK", "context":{"environment":"Prod_francecentral_prod-s01-062-eur-francecentral", "migrationStage":"NotStarted", "server":"akswtt005000054"}}
{"logTime": "0312/151740", "correlationVector":"+ThRpwjNXbe8O35+brkRaX.2","action":"ProcessGetUpdates", "result":"Done", "context":{"dataType":"Autofill", "deleted":"0", "process_failed_to_decrypt":"0", "process_pending_decryption":"0", "process_success":"8", "total":"8"}}
{"logTime": "0312/151740", "correlationVector":"+ThRpwjNXbe8O35+brkRaX.3","action":"ProcessGetUpdates", "result":"Done", "context":{"dataType":"Sessions", "deleted":"242", "process_failed_to_decrypt":"0", "process_pending_decryption":"0", "process_success":"242", "total":"242"}}
{"logTime": "0312/151740", "correlationVector":"+ThRpwjNXbe8O35+brkRaX.4","action":"GetUpdates Response", "result":"Success", "context":Received 250 update(s). cV=+ThRpwjNXbe8O35+brkRaX.0;server=akswtt005000054;cloudType=Consumer;environment=Prod_francecentral_prod-s01-062-eur-francecentral;migrationStage=NotStarted Some updates remain.}
{"logTime": "0312/151740", "correlationVector":"P0XCJWQK+eOQM4JaIGT10j","action":"Initial GetUpdates", "result":"", "context":Reason: NEWLY_SUPPORTED_DATATYPE. cV=P0XCJWQK+eOQM4JaIGT10j}
{"logTime": "0312/151741", "correlationVector":"P0XCJWQK+eOQM4JaIGT10j.1","action":"SyncServerConnectionManagerRequest", "result":"SYNC_SERVER_OK", "context":{"environment":"Prod_francecentral_prod-s01-062-eur-francecentral", "migrationStage":"NotStarted", "server":"akswtt00500003n"}}
{"logTime": "0312/151741", "correlationVector":"P0XCJWQK+eOQM4JaIGT10j.2","action":"ProcessGetUpdates", "result":"Done", "context":{"dataType":"Autofill Profiles", "deleted":"0", "process_failed_to_decrypt":"0", "process_pending_decryption":"0", "process_success":"2", "total":"2"}}
{"logTime": "0312/151741", "correlationVector":"P0XCJWQK+eOQM4JaIGT10j.3","action":"ProcessGetUpdates", "result":"Done", "context":{"dataType":"Autofill", "deleted":"0", "process_failed_to_decrypt":"0", "process_pending_decryption":"0", "process_success":"16", "total":"16"}}
{"logTime": "0312/151741", "correlationVector":"P0XCJWQK+eOQM4JaIGT10j.4","action":"ProcessGetUpdates", "result":"Done", "context":{"dataType":"Sessions", "deleted":"231", "process_failed_to_decrypt":"0", "process_pending_decryption":"0", "process_success":"231", "total":"231"}}
{"logTime": "0312/151741", "correlationVector":"P0XCJWQK+eOQM4JaIGT10j.5","action":"ProcessGetUpdates", "result":"Done", "context":{"dataType":"Edge Hub App Usage", "deleted":"0", "process_failed_to_decrypt":"0", "process_pending_decryption":"0", "process_success":"1", "total":"1"}}
{"logTime": "0312/151741", "correlationVector":"P0XCJWQK+eOQM4JaIGT10j.6","action":"GetUpdates Response", "result":"Success", "context":Received 250 update(s). cV=P0XCJWQK+eOQM4JaIGT10j.0;server=akswtt00500003n;cloudType=Consumer;environment=Prod_francecentral_prod-s01-062-eur-francecentral;migrationStage=NotStarted Some updates remain.}
{"logTime": "0312/151741", "correlationVector":"LjjszUfuerphntFvDaOe3S","action":"Initial GetUpdates", "result":"", "context":Reason: NEWLY_SUPPORTED_DATATYPE. cV=LjjszUfuerphntFvDaOe3S}
{"logTime": "0312/151741", "correlationVector":"LjjszUfuerphntFvDaOe3S.1","action":"SyncServerConnectionManagerRequest", "result":"SYNC_SERVER_OK", "context":{"environment":"Prod_francecentral_prod-s01-062-eur-francecentral", "migrationStage":"NotStarted", "server":"akswtt00500006o"}}
{"logTime": "0312/151741", "correlationVector":"LjjszUfuerphntFvDaOe3S.2","action":"ProcessGetUpdates", "result":"Done", "context":{"dataType":"Autofill Profiles", "deleted":"0", "process_failed_to_decrypt":"0", "process_pending_decryption":"0", "process_success":"1", "total":"1"}}
{"logTime": "0312/151741", "correlationVector":"LjjszUfuerphntFvDaOe3S.3","action":"ProcessGetUpdates", "result":"Done", "context":{"dataType":"Autofill", "deleted":"0", "process_failed_to_decrypt":"0", "process_pending_decryption":"0", "process_success":"11", "total":"11"}}
{"logTime": "0312/151741", "correlationVector":"LjjszUfuerphntFvDaOe3S.4","action":"ProcessGetUpdates", "result":"Done", "context":{"dataType":"Sessions", "deleted":"237", "process_failed_to_decrypt":"0", "process_pending_decryption":"0", "process_success":"237", "total":"237"}}
{"logTime": "0312/151741", "correlationVector":"LjjszUfuerphntFvDaOe3S.5","action":"ProcessGetUpdates", "result":"Done", "context":{"dataType":"Edge Hub App Usage", "deleted":"1", "process_failed_to_decrypt":"0", "process_pending_decryption":"0", "process_success":"1", "total":"1"}}
{"logTime": "0312/151741", "correlationVector":"LjjszUfuerphntFvDaOe3S.6","action":"GetUpdates Response", "result":"Success", "context":Received 250 update(s). cV=LjjszUfuerphntFvDaOe3S.0;server=akswtt00500006o;cloudType=Consumer;environment=Prod_francecentral_prod-s01-062-eur-francecentral;migrationStage=NotStarted Some updates remain.}
{"logTime": "0312/151741", "correlationVector":"gZFA/qXAz9gpeg35PrWFs4","action":"Initial GetUpdates", "result":"", "context":Reason: NEWLY_SUPPORTED_DATATYPE. cV=gZFA/qXAz9gpeg35PrWFs4}
{"logTime": "0312/151742", "correlationVector":"gZFA/qXAz9gpeg35PrWFs4.1","action":"SyncServerConnectionManagerRequest", "result":"SYNC_SERVER_OK", "context":{"environment":"Prod_francecentral_prod-s01-062-eur-francecentral", "migrationStage":"NotStarted", "server":"akswtt00500003i"}}
{"logTime": "0312/151742", "correlationVector":"gZFA/qXAz9gpeg35PrWFs4.2","action":"ProcessGetUpdates", "result":"Done", "context":{"dataType":"Autofill", "deleted":"0", "process_failed_to_decrypt":"0", "process_pending_decryption":"0", "process_success":"12", "total":"12"}}
{"logTime": "0312/151742", "correlationVector":"gZFA/qXAz9gpeg35PrWFs4.3","action":"ProcessGetUpdates", "result":"Done", "context":{"dataType":"Sessions", "deleted":"238", "process_failed_to_decrypt":"0", "process_pending_decryption":"0", "process_success":"238", "total":"238"}}
{"logTime": "0312/151742", "correlationVector":"gZFA/qXAz9gpeg35PrWFs4.4","action":"GetUpdates Response", "result":"Success", "context":Received 250 update(s). cV=gZFA/qXAz9gpeg35PrWFs4.0;server=akswtt00500003i;cloudType=Consumer;environment=Prod_francecentral_prod-s01-062-eur-francecentral;migrationStage=NotStarted Some updates remain.}
{"logTime": "0312/151742", "correlationVector":"KdbZ1B0eM1IomowZ1Kl+U/","action":"Initial GetUpdates", "result":"", "context":Reason: NEWLY_SUPPORTED_DATATYPE. cV=KdbZ1B0eM1IomowZ1Kl+U/}
{"logTime": "0312/151743", "correlationVector":"KdbZ1B0eM1IomowZ1Kl+U/.1","action":"SyncServerConnectionManagerRequest", "result":"SYNC_SERVER_OK", "context":{"environment":"Prod_francecentral_prod-s01-062-eur-francecentral", "migrationStage":"NotStarted", "server":"akswtt005000033"}}
{"logTime": "0312/151743", "correlationVector":"KdbZ1B0eM1IomowZ1Kl+U/.2","action":"ProcessGetUpdates", "result":"Done", "context":{"dataType":"Autofill Profiles", "deleted":"0", "process_failed_to_decrypt":"0", "process_pending_decryption":"0", "process_success":"1", "total":"1"}}
{"logTime": "0312/151743", "correlationVector":"KdbZ1B0eM1IomowZ1Kl+U/.3","action":"ProcessGetUpdates", "result":"Done", "context":{"dataType":"Autofill", "deleted":"0", "process_failed_to_decrypt":"0", "process_pending_decryption":"0", "process_success":"16", "total":"16"}}
{"logTime": "0312/151743", "correlationVector":"KdbZ1B0eM1IomowZ1Kl+U/.4","action":"ProcessGetUpdates", "result":"Done", "context":{"dataType":"Extensions", "deleted":"0", "process_failed_to_decrypt":"0", "process_pending_decryption":"0", "process_success":"1", "total":"1"}}
{"logTime": "0312/151743", "correlationVector":"KdbZ1B0eM1IomowZ1Kl+U/.5","action":"ProcessGetUpdates", "result":"Done", "context":{"dataType":"Sessions", "deleted":"228", "process_failed_to_decrypt":"0", "process_pending_decryption":"0", "process_success":"228", "total":"228"}}
{"logTime": "0312/151743", "correlationVector":"KdbZ1B0eM1IomowZ1Kl+U/.6","action":"ProcessGetUpdates", "result":"Done", "context":{"dataType":"Edge Hub App Usage", "deleted":"0", "process_failed_to_decrypt":"0", "process_pending_decryption":"0", "process_success":"4", "total":"4"}}
{"logTime": "0312/151743", "correlationVector":"KdbZ1B0eM1IomowZ1Kl+U/.7","action":"GetUpdates Response", "result":"Success", "context":Received 250 update(s). cV=KdbZ1B0eM1IomowZ1Kl+U/.0;server=akswtt005000033;cloudType=Consumer;environment=Prod_francecentral_prod-s01-062-eur-francecentral;migrationStage=NotStarted Some updates remain.}
{"logTime": "0312/151743", "correlationVector":"iwC8lh5fn1PQ0hnmfSzAS+","action":"Initial GetUpdates", "result":"", "context":Reason: NEWLY_SUPPORTED_DATATYPE. cV=iwC8lh5fn1PQ0hnmfSzAS+}
{"logTime": "0312/151743", "correlationVector":"iwC8lh5fn1PQ0hnmfSzAS+.1","action":"SyncServerConnectionManagerRequest", "result":"SYNC_SERVER_OK", "context":{"environment":"Prod_francecentral_prod-s01-062-eur-francecentral", "migrationStage":"NotStarted", "server":"akswtt00500003i"}}
{"logTime": "0312/151743", "correlationVector":"iwC8lh5fn1PQ0hnmfSzAS+.2","action":"ProcessGetUpdates", "result":"Done", "context":{"dataType":"Autofill Profiles", "deleted":"0", "process_failed_to_decrypt":"0", "process_pending_decryption":"0", "process_success":"7", "total":"7"}}
{"logTime": "0312/151743", "correlationVector":"iwC8lh5fn1PQ0hnmfSzAS+.3","action":"ProcessGetUpdates", "result":"Done", "context":{"dataType":"Autofill", "deleted":"0", "process_failed_to_decrypt":"0", "process_pending_decryption":"0", "process_success":"18", "total":"18"}}
{"logTime": "0312/151743", "correlationVector":"iwC8lh5fn1PQ0hnmfSzAS+.4","action":"ProcessGetUpdates", "result":"Done", "context":{"dataType":"Extensions", "deleted":"0", "process_failed_to_decrypt":"0", "process_pending_decryption":"0", "process_success":"1", "total":"1"}}
{"logTime": "0312/151743", "correlationVector":"iwC8lh5fn1PQ0hnmfSzAS+.5","action":"ProcessGetUpdates", "result":"Done", "context":{"dataType":"Sessions", "deleted":"218", "process_failed_to_decrypt":"0", "process_pending_decryption":"0", "process_success":"218", "total":"218"}}
{"logTime": "0312/151743", "correlationVector":"iwC8lh5fn1PQ0hnmfSzAS+.6","action":"ProcessGetUpdates", "result":"Done", "context":{"dataType":"Edge Hub App Usage", "deleted":"6", "process_failed_to_decrypt":"0", "process_pending_decryption":"0", "process_success":"6", "total":"6"}}
{"logTime": "0312/151743", "correlationVector":"iwC8lh5fn1PQ0hnmfSzAS+.7","action":"GetUpdates Response", "result":"Success", "context":Received 250 update(s). cV=iwC8lh5fn1PQ0hnmfSzAS+.0;server=akswtt00500003i;cloudType=Consumer;environment=Prod_francecentral_prod-s01-062-eur-francecentral;migrationStage=NotStarted Some updates remain.}
{"logTime": "0312/151743", "correlationVector":"Fz9QjIst6EC+1ztCgFlH2t","action":"Initial GetUpdates", "result":"", "context":Reason: NEWLY_SUPPORTED_DATATYPE. cV=Fz9QjIst6EC+1ztCgFlH2t}
{"logTime": "0312/151743", "correlationVector":"Fz9QjIst6EC+1ztCgFlH2t.1","action":"SyncServerConnectionManagerRequest", "result":"SYNC_SERVER_OK", "context":{"environment":"Prod_francecentral_prod-s01-062-eur-francecentral", "migrationStage":"NotStarted", "server":"akswtt005000040"}}
{"logTime": "0312/151743", "correlationVector":"Fz9QjIst6EC+1ztCgFlH2t.2","action":"ProcessGetUpdates", "result":"Done", "context":{"dataType":"Autofill Profiles", "deleted":"0", "process_failed_to_decrypt":"0", "process_pending_decryption":"0", "process_success":"4", "total":"4"}}
{"logTime": "0312/151743", "correlationVector":"Fz9QjIst6EC+1ztCgFlH2t.3","action":"ProcessGetUpdates", "result":"Done", "context":{"dataType":"Autofill", "deleted":"0", "process_failed_to_decrypt":"0", "process_pending_decryption":"0", "process_success":"32", "total":"32"}}
{"logTime": "0312/151743", "correlationVector":"Fz9QjIst6EC+1ztCgFlH2t.4","action":"ProcessGetUpdates", "result":"Done", "context":{"dataType":"Extensions", "deleted":"0", "process_failed_to_decrypt":"0", "process_pending_decryption":"0", "process_success":"4", "total":"4"}}
{"logTime": "0312/151743", "correlationVector":"Fz9QjIst6EC+1ztCgFlH2t.5","action":"ProcessGetUpdates", "result":"Done", "context":{"dataType":"Sessions", "deleted":"167", "process_failed_to_decrypt":"0", "process_pending_decryption":"0", "process_success":"168", "total":"168"}}
{"logTime": "0312/151743", "correlationVector":"Fz9QjIst6EC+1ztCgFlH2t.6","action":"ProcessGetUpdates", "result":"Done", "context":{"dataType":"Extension settings", "deleted":"0", "process_failed_to_decrypt":"0", "process_pending_decryption":"0", "process_success":"2", "total":"2"}}
{"logTime": "0312/151743", "correlationVector":"Fz9QjIst6EC+1ztCgFlH2t.7","action":"ProcessGetUpdates", "result":"Done", "context":{"dataType":"Edge Hub App Usage", "deleted":"0", "process_failed_to_decrypt":"0", "process_pending_decryption":"0", "process_success":"3", "total":"3"}}
{"logTime": "0312/151743", "correlationVector":"Fz9QjIst6EC+1ztCgFlH2t.8","action":"GetUpdates Response", "result":"Success", "context":Received 213 update(s). cV=Fz9QjIst6EC+1ztCgFlH2t.0;server=akswtt005000040;cloudType=Consumer;environment=Prod_francecentral_prod-s01-062-eur-francecentral;migrationStage=NotStarted}
{"logTime": "0312/151743", "correlationVector":"fWsAopms5Pk44ugYWc87D3","action":"Initial GetUpdates", "result":"", "context":Reason: NEWLY_SUPPORTED_DATATYPE. cV=fWsAopms5Pk44ugYWc87D3}
{"logTime": "0312/151744", "correlationVector":"fWsAopms5Pk44ugYWc87D3.1","action":"SyncServerConnectionManagerRequest", "result":"SYNC_SERVER_OK", "context":{"environment":"Prod_francecentral_prod-s01-062-eur-francecentral", "migrationStage":"NotStarted", "server":"akswtt00500005z"}}
{"logTime": "0312/151744", "correlationVector":"fWsAopms5Pk44ugYWc87D3.2","action":"ProcessGetUpdates", "result":"Done", "context":{"dataType":"History", "deleted":"0", "process_failed_to_decrypt":"0", "process_pending_decryption":"0", "process_success":"250", "total":"250"}}
{"logTime": "0312/151744", "correlationVector":"fWsAopms5Pk44ugYWc87D3.3","action":"GetUpdates Response", "result":"Success", "context":Received 250 update(s). cV=fWsAopms5Pk44ugYWc87D3.0;server=akswtt00500005z;cloudType=Consumer;environment=Prod_francecentral_prod-s01-062-eur-francecentral;migrationStage=NotStarted Some updates remain.}
{"logTime": "0312/151744", "correlationVector":"SkBw7J9e7ReAlQi0Y7/g+/","action":"Initial GetUpdates", "result":"", "context":Reason: NEWLY_SUPPORTED_DATATYPE. cV=SkBw7J9e7ReAlQi0Y7/g+/}
{"logTime": "0312/151744", "correlationVector":"SkBw7J9e7ReAlQi0Y7/g+/.1","action":"SyncServerConnectionManagerRequest", "result":"SYNC_SERVER_OK", "context":{"environment":"Prod_francecentral_prod-s01-062-eur-francecentral", "migrationStage":"NotStarted", "server":"akswtt00500004o"}}
{"logTime": "0312/151744", "correlationVector":"SkBw7J9e7ReAlQi0Y7/g+/.2","action":"ProcessGetUpdates", "result":"Done", "context":{"dataType":"History", "deleted":"0", "process_failed_to_decrypt":"0", "process_pending_decryption":"0", "process_success":"250", "total":"250"}}
{"logTime": "0312/151744", "correlationVector":"SkBw7J9e7ReAlQi0Y7/g+/.3","action":"GetUpdates Response", "result":"Success", "context":Received 250 update(s). cV=SkBw7J9e7ReAlQi0Y7/g+/.0;server=akswtt00500004o;cloudType=Consumer;environment=Prod_francecentral_prod-s01-062-eur-francecentral;migrationStage=NotStarted Some updates remain.}
{"logTime": "0312/151744", "correlationVector":"1JfmWqO2KdIFXDJTQ6m24b","action":"Initial GetUpdates", "result":"", "context":Reason: NEWLY_SUPPORTED_DATATYPE. cV=1JfmWqO2KdIFXDJTQ6m24b}
{"logTime": "0312/151745", "correlationVector":"1JfmWqO2KdIFXDJTQ6m24b.1","action":"SyncServerConnectionManagerRequest", "result":"SYNC_SERVER_OK", "context":{"environment":"Prod_francecentral_prod-s01-062-eur-francecentral", "migrationStage":"NotStarted", "server":"akswtt00500001f"}}
{"logTime": "0312/151745", "correlationVector":"1JfmWqO2KdIFXDJTQ6m24b.2","action":"ProcessGetUpdates", "result":"Done", "context":{"dataType":"History", "deleted":"0", "process_failed_to_decrypt":"0", "process_pending_decryption":"0", "process_success":"250", "total":"250"}}
{"logTime": "0312/151745", "correlationVector":"1JfmWqO2KdIFXDJTQ6m24b.3","action":"GetUpdates Response", "result":"Success", "context":Received 250 update(s). cV=1JfmWqO2KdIFXDJTQ6m24b.0;server=akswtt00500001f;cloudType=Consumer;environment=Prod_francecentral_prod-s01-062-eur-francecentral;migrationStage=NotStarted Some updates remain.}
{"logTime": "0312/151745", "correlationVector":"ZI+VEf0R2qov/wtTFnhasS","action":"Initial GetUpdates", "result":"", "context":Reason: NEWLY_SUPPORTED_DATATYPE. cV=ZI+VEf0R2qov/wtTFnhasS}
